make all --print-data-base --no-builtin-variables --no-builtin-rules --question
# GNU Make 3.81
# Copyright (C) 2006  Free Software Foundation, Inc.
# This is free software; see the source for copying conditions.
# There is NO warranty; not even for MERCHANTABILITY or FITNESS FOR A
# PARTICULAR PURPOSE.

# This program built for i386-apple-darwin11.3.0
 

# Make data base, printed on Fri Jun 24 10:15:06 2022

# Variables

# automatic
<D = $(patsubst %/,%,$(dir $<))
# automatic
?F = $(notdir $?)
# environment
VSCODE_LOG_NATIVE = false
# automatic
?D = $(patsubst %/,%,$(dir $?))
# environment
GO11MODULE = on
# automatic
@D = $(patsubst %/,%,$(dir $@))
# automatic
@F = $(notdir $@)
# makefile
CURDIR := /Users/michelin/Documents/Pro/Go/src/github.com/hoosmartchain/hoo-smartchain
# makefile
SHELL = /bin/sh
# makefile (from `Makefile', line 12)
GO = latest
# environment
VSCODE_NLS_CONFIG = {"locale":"en-gb","availableLanguages":{},"_languagePackSupport":true}
# environment
_ = /usr/bin/make
# makefile (from `Makefile', line 1)
MAKEFILE_LIST :=  Makefile
# environment
VSCODE_AMD_ENTRYPOINT = vs/workbench/api/node/extensionHostProcess
# environment
VSCODE_VERBOSE_LOGGING = true
# environment
__CFBundleIdentifier = com.microsoft.VSCode
# environment
INFOPATH = /opt/homebrew/share/info:
# environment
VSCODE_IPC_HOOK_EXTHOST = /var/folders/my/yfh7s8v94t13_xyfsvs1dx0w0000gn/T/vscode-ipc-4937aa2b-78c9-4c66-81be-6c7b49fff73a.sock
# environment
VSCODE_CWD = /
# environment
GOPROXY = https://proxy.golang.org,direct
# environment
PATH = /Users/michelin/.nvm/versions/node/v16.8.0/bin:/opt/homebrew/bin:/opt/homebrew/sbin:/usr/local/bin:/usr/bin:/bin:/usr/sbin:/sbin:/usr/local/go/bin:/Library/Frameworks/Mono.framework/Versions/Current/Commands:/Users/michelin/.cargo/bin:/Users/michelin/Documents/Pro/Go/bin:/usr/local/mysql/bin
# environment
LSCOLORS = Gxfxcxdxbxegedabagacad
# environment
GOPATH = /Users/michelin/Documents/Pro/Go
# environment
NVM_BIN = /Users/michelin/.nvm/versions/node/v16.8.0/bin
# environment
VSCODE_LOG_STACK = false
# environment
ELECTRON_RUN_AS_NODE = 1
# default
.FEATURES := target-specific order-only second-expansion else-if archives jobserver check-symlink
# environment
SSH_AUTH_SOCK = /private/tmp/com.apple.launchd.PamvisW2Ib/Listeners
# automatic
%F = $(notdir $%)
# makefile (from `Makefile', line 11)
GOBIN = ./build/bin
# environment
all_proxy = socks5://127.0.0.1:7890
# environment
VSCODE_PIPE_LOGGING = true
# environment
PWD = /Users/michelin/Documents/Pro/Go/src/github.com/hoosmartchain/hoo-smartchain
# environment
MYSQL = /usr/local/mysql
# environment
HOMEBREW_CELLAR = /opt/homebrew/Cellar
# environment
ORIGINAL_XDG_CURRENT_DESKTOP = undefined
# environment
MANPATH = /Users/michelin/.nvm/versions/node/v16.8.0/share/man:/opt/homebrew/share/man::
# environment
GOMODCACHE = /Users/michelin/Documents/Pro/Go/pkg/mod
# environment
HOME = /Users/michelin
# default
MAKEFILEPATH = $(shell /usr/bin/xcode-select -print-path 2>/dev/null || echo /Developer)/Makefiles
# environment
VSCODE_CODE_CACHE_PATH = /Users/michelin/Library/Application Support/Code/CachedData/30d9c6cd9483b2cc586687151bcbcd635f373630
# environment
LOGNAME = michelin
# environment
APPLICATION_INSIGHTS_NO_DIAGNOSTIC_CHANNEL = 1
# environment
NVM_CD_FLAGS = -q
# environment
ZSH = /Users/michelin/.oh-my-zsh
 
# environment
VSCODE_HANDLES_UNCAUGHT_ERRORS = true
# automatic
^D = $(patsubst %/,%,$(dir $^))
# environment
XPC_FLAGS = 0x0
# default
MAKE = $(MAKE_COMMAND)
# default
MAKECMDGOALS := all
# environment
SHLVL = 1
# default
MAKE_VERSION := 3.81
# environment
USER = michelin
# makefile
.DEFAULT_GOAL := geth
# environment
LESS = -R
# automatic
%D = $(patsubst %/,%,$(dir $%))
# default
MAKE_COMMAND := /Library/Developer/CommandLineTools/usr/bin/make
# default
.VARIABLES := 
# environment
TMPDIR = /var/folders/my/yfh7s8v94t13_xyfsvs1dx0w0000gn/T/
# automatic
*F = $(notdir $*)
# environment
VSCODE_IPC_HOOK = /Users/michelin/Library/Application Support/Code/1.68.1-main.sock
# makefile
MAKEFLAGS = Rrqp
# environment
MFLAGS = -Rrqp
# automatic
*D = $(patsubst %/,%,$(dir $*))
# environment
NVM_DIR = /Users/michelin/.nvm
# environment
XPC_SERVICE_NAME = application.com.microsoft.VSCode.30407877.30407883
# environment
HOMEBREW_PREFIX = /opt/homebrew
# automatic
+D = $(patsubst %/,%,$(dir $+))
# automatic
+F = $(notdir $+)
# environment
HOMEBREW_REPOSITORY = /opt/homebrew
# environment
__CF_USER_TEXT_ENCODING = 0x1F5:0x0:0x0
# environment
COMMAND_MODE = unix2003
# default
MAKEFILES := 
# environment
HOMEBREW_NO_AUTO_UPDATE = 1
# automatic
<F = $(notdir $<)
# environment
https_proxy = http://127.0.0.1:7890
# environment
PAGER = less
# environment
LC_ALL = C
# automatic
^F = $(notdir $^)
# default
SUFFIXES := 
# default
.INCLUDE_DIRS = /usr/local/include
# environment
MAKELEVEL := 0
# makefile (from `Makefile', line 13)
GORUN = env GO111MODULE=on go run
# environment
http_proxy = http://127.0.0.1:7890
# environment
LANG = C
# environment
VSCODE_PID = 1070
# variable set hash-table stats:
# Load=86/1024=8%, Rehash=0, Collisions=2/114=2%

# Pattern-specific Variable Values

# No pattern-specific variable values.

# Directories

# . (device 16777234, inode 3898117): 65 files, no impossibilities.

# 65 files, no impossibilities in 1 directories.

# Implicit Rules

# No implicit rules.

# Files

geth-linux-mips64:
#  Phony target (prerequisite of .PHONY).
#  Implicit rule search has not been done.
#  File does not exist.
#  File has not been updated.
#  commands to execute (from `Makefile', line 113):
	$(GORUN) build/ci.go xgo -- --go=$(GO) --targets=linux/mips64 --ldflags '-extldflags "-static"' -v ./cmd/geth
	@echo "Linux MIPS64 cross compilation done:"
	@ls -ld $(GOBIN)/geth-linux-* | grep mips64
	

geth-linux-arm: geth-linux-arm-5 geth-linux-arm-6 geth-linux-arm-7 geth-linux-arm64
#  Phony target (prerequisite of .PHONY).
#  Implicit rule search has not been done.
#  File does not exist.
#  File has not been updated.
#  commands to execute (from `Makefile', line 79):
	@echo "Linux ARM cross compilation done:"
	@ls -ld $(GOBIN)/geth-linux-* | grep arm
	

geth-linux-mips:
#  Implicit rule search has not been done.
#  Modification time never checked.
#  File has not been updated.
#  commands to execute (from `Makefile', line 103):
	$(GORUN) build/ci.go xgo -- --go=$(GO) --targets=linux/mips --ldflags '-extldflags "-static"' -v ./cmd/geth
	@echo "Linux MIPS cross compilation done:"
	@ls -ld $(GOBIN)/geth-linux-* | grep mips
	

geth-windows-386:
#  Phony target (prerequisite of .PHONY).
#  Implicit rule search has not been done.
#  File does not exist.
#  File has not been updated.
#  commands to execute (from `Makefile', line 141):
	$(GORUN) build/ci.go xgo -- --go=$(GO) --targets=windows/386 -v ./cmd/geth
	@echo "Windows 386 cross compilation done:"
	@ls -ld $(GOBIN)/geth-windows-* | grep 386
	

all:
#  Phony target (prerequisite of .PHONY).
#  Command-line target.
#  Implicit rule search has not been done.
#  Implicit/static pattern stem: `'
#  File does not exist.
#  File has been updated.
#  Needs to be updated (-q is set).
# automatic
# @ := all
# automatic
# % := 
# automatic
# * := 
# automatic
# + := 
# automatic
# | := 
# automatic
# < := 
# automatic
# ^ := 
# automatic
# ? := 
# variable set hash-table stats:
# Load=8/32=25%, Rehash=0, Collisions=2/11=18%
#  commands to execute (from `Makefile', line 21):
	$(GORUN) build/ci.go install
	

.PHONY: geth android ios geth-cross evm all test clean geth-linux geth-linux-386 geth-linux-amd64 geth-linux-mips64 geth-linux-mips64le geth-linux-arm geth-linux-arm-5 geth-linux-arm-6 geth-linux-arm-7 geth-linux-arm64 geth-darwin geth-darwin-386 geth-darwin-amd64 geth-windows geth-windows-386 geth-windows-amd64
#  Implicit rule search has not been done.
#  Modification time never checked.
#  File has not been updated.

geth-linux-386:
#  Phony target (prerequisite of .PHONY).
#  Implicit rule search has not been done.
#  File does not exist.
#  File has not been updated.
#  commands to execute (from `Makefile', line 69):
	$(GORUN) build/ci.go xgo -- --go=$(GO) --targets=linux/386 -v ./cmd/geth
	@echo "Linux 386 cross compilation done:"
	@ls -ld $(GOBIN)/geth-linux-* | grep 386
	

# Not a target:
geth-android:
#  Implicit rule search has not been done.
#  Modification time never checked.
#  File has not been updated.

devtools:
#  Implicit rule search has not been done.
#  Modification time never checked.
#  File has not been updated.
#  commands to execute (from `Makefile', line 49):
	env GOBIN= go get -u golang.org/x/tools/cmd/stringer
	env GOBIN= go get -u github.com/kevinburke/go-bindata/go-bindata
	env GOBIN= go get -u github.com/fjl/gencodec
	env GOBIN= go get -u github.com/golang/protobuf/protoc-gen-go
	env GOBIN= go install ./cmd/abigen
	@type "npm" 2> /dev/null || echo 'Please install node.js and npm'
	@type "solc" 2> /dev/null || echo 'Please install solc'
	@type "protoc" 2> /dev/null || echo 'Please install protoc'
	

# Not a target:
.SUFFIXES:
#  Implicit rule search has not been done.
#  Modification time never checked.
#  File has not been updated.

# Not a target:
geth-ios:
#  Implicit rule search has not been done.
#  Modification time never checked.
#  File has not been updated.

# Not a target:
Makefile:
#  Implicit rule search has been done.
#  Last modified 2022-01-28 10:54:46
#  File has been updated.
#  Successfully updated.
# variable set hash-table stats:
# Load=0/32=0%, Rehash=0, Collisions=0/0=0%

test: all
#  Phony target (prerequisite of .PHONY).
#  Implicit rule search has not been done.
#  File does not exist.
#  File has not been updated.
#  commands to execute (from `Makefile', line 36):
	$(GORUN) build/ci.go test
	

android:
#  Phony target (prerequisite of .PHONY).
#  Implicit rule search has not been done.
#  File does not exist.
#  File has not been updated.
#  commands to execute (from `Makefile', line 24):
	$(GORUN) build/ci.go aar --local
	@echo "Done building."
	@echo "Import \"$(GOBIN)/geth.aar\" to use the library."
	@echo "Import \"$(GOBIN)/geth-sources.jar\" to add javadocs"
	@echo "For more info see https://stackoverflow.com/questions/20994336/android-studio-how-to-attach-javadoc"
	

geth-windows-amd64:
#  Phony target (prerequisite of .PHONY).
#  Implicit rule search has not been done.
#  File does not exist.
#  File has not been updated.
#  commands to execute (from `Makefile', line 146):
	$(GORUN) build/ci.go xgo -- --go=$(GO) --targets=windows/amd64 -v ./cmd/geth
	@echo "Windows amd64 cross compilation done:"
	@ls -ld $(GOBIN)/geth-windows-* | grep amd64
	

geth-linux-arm-5:
#  Phony target (prerequisite of .PHONY).
#  Implicit rule search has not been done.
#  File does not exist.
#  File has not been updated.
#  commands to execute (from `Makefile', line 83):
	$(GORUN) build/ci.go xgo -- --go=$(GO) --targets=linux/arm-5 -v ./cmd/geth
	@echo "Linux ARMv5 cross compilation done:"
	@ls -ld $(GOBIN)/geth-linux-* | grep arm-5
	

geth-cross: geth-linux geth-darwin geth-windows geth-android geth-ios
#  Phony target (prerequisite of .PHONY).
#  Implicit rule search has not been done.
#  File does not exist.
#  File has not been updated.
#  commands to execute (from `Makefile', line 61):
	@echo "Full cross compilation done:"
	@ls -ld $(GOBIN)/geth-*
	

evm:
#  Phony target (prerequisite of .PHONY).
#  Implicit rule search has not been done.
#  File does not exist.
#  File has not been updated.

geth-linux-amd64:
#  Phony target (prerequisite of .PHONY).
 
#  Implicit rule search has not been done.
#  File does not exist.
#  File has not been updated.
#  commands to execute (from `Makefile', line 74):
	$(GORUN) build/ci.go xgo -- --go=$(GO) --targets=linux/amd64 -v ./cmd/geth
	@echo "Linux amd64 cross compilation done:"
	@ls -ld $(GOBIN)/geth-linux-* | grep amd64
	

geth-linux-mipsle:
#  Implicit rule search has not been done.
#  Modification time never checked.
#  File has not been updated.
#  commands to execute (from `Makefile', line 108):
	$(GORUN) build/ci.go xgo -- --go=$(GO) --targets=linux/mipsle --ldflags '-extldflags "-static"' -v ./cmd/geth
	@echo "Linux MIPSle cross compilation done:"
	@ls -ld $(GOBIN)/geth-linux-* | grep mipsle
	

geth-linux-mips64le:
#  Phony target (prerequisite of .PHONY).
#  Implicit rule search has not been done.
#  File does not exist.
#  File has not been updated.
#  commands to execute (from `Makefile', line 118):
	$(GORUN) build/ci.go xgo -- --go=$(GO) --targets=linux/mips64le --ldflags '-extldflags "-static"' -v ./cmd/geth
	@echo "Linux MIPS64le cross compilation done:"
	@ls -ld $(GOBIN)/geth-linux-* | grep mips64le
	

geth-darwin-386:
#  Phony target (prerequisite of .PHONY).
#  Implicit rule search has not been done.
#  File does not exist.
#  File has not been updated.
#  commands to execute (from `Makefile', line 127):
	$(GORUN) build/ci.go xgo -- --go=$(GO) --targets=darwin/386 -v ./cmd/geth
	@echo "Darwin 386 cross compilation done:"
	@ls -ld $(GOBIN)/geth-darwin-* | grep 386
	

geth-windows: geth-windows-386 geth-windows-amd64
#  Phony target (prerequisite of .PHONY).
#  Implicit rule search has not been done.
#  File does not exist.
#  File has not been updated.
#  commands to execute (from `Makefile', line 137):
	@echo "Windows cross compilation done:"
	@ls -ld $(GOBIN)/geth-windows-*
	

golang-cross:
#  Implicit rule search has not been done.
#  Modification time never checked.
#  File has not been updated.
#  commands to execute (from `Makefile', line 165):
	docker pull goreng/golang-cross
	

# Not a target:
.DEFAULT:
#  Implicit rule search has not been done.
#  Modification time never checked.
#  File has not been updated.

geth-linux: geth-linux-386 geth-linux-amd64 geth-linux-arm geth-linux-mips64 geth-linux-mips64le
#  Phony target (prerequisite of .PHONY).
#  Implicit rule search has not been done.
#  File does not exist.
#  File has not been updated.
#  commands to execute (from `Makefile', line 65):
	@echo "Linux cross compilation done:"
	@ls -ld $(GOBIN)/geth-linux-*
	

geth-linux-arm-7:
#  Phony target (prerequisite of .PHONY).
#  Implicit rule search has not been done.
#  File does not exist.
#  File has not been updated.
#  commands to execute (from `Makefile', line 93):
	$(GORUN) build/ci.go xgo -- --go=$(GO) --targets=linux/arm-7 -v ./cmd/geth
	@echo "Linux ARMv7 cross compilation done:"
	@ls -ld $(GOBIN)/geth-linux-* | grep arm-7
	

geth-linux-arm64:
#  Phony target (prerequisite of .PHONY).
#  Implicit rule search has not been done.
#  File does not exist.
#  File has not been updated.
#  commands to execute (from `Makefile', line 98):
	$(GORUN) build/ci.go xgo -- --go=$(GO) --targets=linux/arm64 -v ./cmd/geth
	@echo "Linux ARM64 cross compilation done:"
	@ls -ld $(GOBIN)/geth-linux-* | grep arm64
	

clean:
#  Phony target (prerequisite of .PHONY).
#  Implicit rule search has not been done.
#  File does not exist.
#  File has not been updated.
#  commands to execute (from `Makefile', line 42):
	env GO111MODULE=on go clean -cache
	rm -fr build/_workspace/pkg/ $(GOBIN)/*
	

geth-darwin-amd64:
#  Phony target (prerequisite of .PHONY).
#  Implicit rule search has not been done.
#  File does not exist.
#  File has not been updated.
#  commands to execute (from `Makefile', line 132):
	$(GORUN) build/ci.go xgo -- --go=$(GO) --targets=darwin/amd64 -v ./cmd/geth
	@echo "Darwin amd64 cross compilation done:"
	@ls -ld $(GOBIN)/geth-darwin-* | grep amd64
	

snapshot:
#  Implicit rule search has not been done.
#  Modification time never checked.
#  File has not been updated.
#  commands to execute (from `Makefile', line 150):
	docker run --rm --privileged \
	-e GOPROXY=https://goproxy.cn,direct \
	-v $(CURDIR):/hsc \
	-v /var/run/docker.sock:/var/run/docker.sock \
	-v $(GOPATH)/src:/go/src \
	-w /hsc \
	goreng/golang-cross:latest --snapshot --skip-publish --rm-dist
	

geth-linux-arm-6:
#  Phony target (prerequisite of .PHONY).
#  Implicit rule search has not been done.
#  File does not exist.
#  File has not been updated.
#  commands to execute (from `Makefile', line 88):
	$(GORUN) build/ci.go xgo -- --go=$(GO) --targets=linux/arm-6 -v ./cmd/geth
	@echo "Linux ARMv6 cross compilation done:"
	@ls -ld $(GOBIN)/geth-linux-* | grep arm-6
	

snapshot0:
#  Implicit rule search has not been done.
#  Modification time never checked.
#  File has not been updated.
#  commands to execute (from `Makefile', line 158):
	docker run --rm --privileged \go 
	-e GOPROXY=https://goproxy.cn,direct \
	-v $PWD:/go/src/github.com/hoosmartchain/hsc \
	-v /var/run/docker.sock:/var/run/docker.sock \
	-w /go/src/github.com/hoosmartchain/hsc \
	goreng/golang-cross:latest --snapshot --skip-publish --rm-dist
	

lint:
#  Implicit rule search has not been done.
#  Modification time never checked.
#  File has not been updated.
#  commands to execute (from `Makefile', line 39):
	$(GORUN) build/ci.go lint
	

geth:
#  Phony target (prerequisite of .PHONY).
#  Implicit rule search has not been done.
#  File does not exist.
#  File has not been updated.
#  commands to execute (from `Makefile', line 16):
	$(GORUN) build/ci.go install ./cmd/geth
	@echo "Done building."
	@echo "Run \"$(GOBIN)/geth\" to launch geth."
	

geth-darwin: geth-darwin-386 geth-darwin-amd64
#  Phony target (prerequisite of .PHONY).
#  Implicit rule search has not been done.
#  File does not exist.
#  File has not been updated.
#  commands to execute (from `Makefile', line 123):
	@echo "Darwin cross compilation done:"
	@ls -ld $(GOBIN)/geth-darwin-*
	

ios:
#  Phony target (prerequisite of .PHONY).
#  Implicit rule search has not been done.
#  File does not exist.
#  File has not been updated.
#  commands to execute (from `Makefile', line 31):
	$(GORUN) build/ci.go xcode --local
	@echo "Done building."
	@echo "Import \"$(GOBIN)/Geth.framework\" to use the library."
	

# files hash-table stats:
# Load=37/1024=4%, Rehash=0, Collisions=0/98=0%
# VPATH Search Paths

# No `vpath' search paths.

# No general (`VPATH' variable) search path.

# # of strings in strcache: 1
# # of strcache buffers: 1
# strcache size: total = 4096 / max = 4096 / min = 4096 / avg = 4096
# strcache free: total = 4087 / max = 4087 / min = 4087 / avg = 4087

# Finished Make data base on Fri Jun 24 10:15:06 2022

 
